# JRE version: OpenJDK Runtime Environment (8.0_152-b01) (build 1.8.0_152-release-1248-b01)
# Java VM: OpenJDK 64-Bit Server VM (25.152-b01 mixed mode windows-amd64 compressed oops)
Heap:
 PSYoungGen      total 159744K, used 5649K [0x00000000e0000000, 0x00000000eda80000, 0x0000000100000000)
  eden space 147968K, 3% used [0x00000000e0000000,0x00000000e0584558,0x00000000e9080000)
  from space 11776K, 0% used [0x00000000e9b80000,0x00000000e9b80000,0x00000000ea700000)
  to   space 11264K, 0% used [0x00000000e9080000,0x00000000e9080000,0x00000000e9b80000)
 ParOldGen       total 76800K, used 39705K [0x00000000a0000000, 0x00000000a4b00000, 0x00000000e0000000)
  object space 76800K, 51% used [0x00000000a0000000,0x00000000a26c65d0,0x00000000a4b00000)
 Metaspace       used 57490K, capacity 59226K, committed 59264K, reserved 1099776K
  class space    used 7900K, capacity 8319K, committed 8320K, reserved 1048576K
GC Heap History (10 events):
Event: 14.411 GC heap before
{Heap before GC invocations=11 (full 1):
 PSYoungGen      total 135680K, used 10947K [0x00000000e0000000, 0x00000000ea700000, 0x0000000100000000)
  eden space 126976K, 1% used [0x00000000e0000000,0x00000000e02316c0,0x00000000e7c00000)
  from space 8704K, 99% used [0x00000000e7c00000,0x00000000e847f6f0,0x00000000e8480000)
  to   space 11776K, 0% used [0x00000000e9b80000,0x00000000e9b80000,0x00000000ea700000)
 ParOldGen       total 35328K, used 14230K [0x00000000a0000000, 0x00000000a2280000, 0x00000000e0000000)
  object space 35328K, 40% used [0x00000000a0000000,0x00000000a0de5950,0x00000000a2280000)
 Metaspace       used 34727K, capacity 35468K, committed 35496K, reserved 1079296K
  class space    used 4844K, capacity 5110K, committed 5120K, reserved 1048576K
Event: 14.426 GC heap after
Heap after GC invocations=11 (full 1):
 PSYoungGen      total 159744K, used 5472K [0x00000000e0000000, 0x00000000eda80000, 0x0000000100000000)
  eden space 147968K, 0% used [0x00000000e0000000,0x00000000e0000000,0x00000000e9080000)
  from space 11776K, 46% used [0x00000000e9b80000,0x00000000ea0d8000,0x00000000ea700000)
  to   space 11264K, 0% used [0x00000000e9080000,0x00000000e9080000,0x00000000e9b80000)
 ParOldGen       total 35328K, used 16666K [0x00000000a0000000, 0x00000000a2280000, 0x00000000e0000000)
  object space 35328K, 47% used [0x00000000a0000000,0x00000000a1046930,0x00000000a2280000)
 Metaspace       used 34727K, capacity 35468K, committed 35496K, reserved 1079296K
  class space    used 4844K, capacity 5110K, committed 5120K, reserved 1048576K
}
Event: 14.426 GC heap before
{Heap before GC invocations=12 (full 2):
 PSYoungGen      total 159744K, used 5472K [0x00000000e0000000, 0x00000000eda80000, 0x0000000100000000)
  eden space 147968K, 0% used [0x00000000e0000000,0x00000000e0000000,0x00000000e9080000)
  from space 11776K, 46% used [0x00000000e9b80000,0x00000000ea0d8000,0x00000000ea700000)
  to   space 11264K, 0% used [0x00000000e9080000,0x00000000e9080000,0x00000000e9b80000)
 ParOldGen       total 35328K, used 16666K [0x00000000a0000000, 0x00000000a2280000, 0x00000000e0000000)
  object space 35328K, 47% used [0x00000000a0000000,0x00000000a1046930,0x00000000a2280000)
 Metaspace       used 34727K, capacity 35468K, committed 35496K, reserved 1079296K
  class space    used 4844K, capacity 5110K, committed 5120K, reserved 1048576K
Event: 14.517 GC heap after
Heap after GC invocations=12 (full 2):
 PSYoungGen      total 159744K, used 0K [0x00000000e0000000, 0x00000000eda80000, 0x0000000100000000)
  eden space 147968K, 0% used [0x00000000e0000000,0x00000000e0000000,0x00000000e9080000)
  from space 11776K, 0% used [0x00000000e9b80000,0x00000000e9b80000,0x00000000ea700000)
  to   space 11264K, 0% used [0x00000000e9080000,0x00000000e9080000,0x00000000e9b80000)
 ParOldGen       total 43008K, used 14617K [0x00000000a0000000, 0x00000000a2a00000, 0x00000000e0000000)
  object space 43008K, 33% used [0x00000000a0000000,0x00000000a0e464f8,0x00000000a2a00000)
 Metaspace       used 34727K, capacity 35468K, committed 35496K, reserved 1079296K
  class space    used 4844K, capacity 5110K, committed 5120K, reserved 1048576K
}
Event: 17.605 GC heap before
{Heap before GC invocations=13 (full 2):
 PSYoungGen      total 159744K, used 147968K [0x00000000e0000000, 0x00000000eda80000, 0x0000000100000000)
  eden space 147968K, 100% used [0x00000000e0000000,0x00000000e9080000,0x00000000e9080000)
  from space 11776K, 0% used [0x00000000e9b80000,0x00000000e9b80000,0x00000000ea700000)
  to   space 11264K, 0% used [0x00000000e9080000,0x00000000e9080000,0x00000000e9b80000)
 ParOldGen       total 43008K, used 14617K [0x00000000a0000000, 0x00000000a2a00000, 0x00000000e0000000)
  object space 43008K, 33% used [0x00000000a0000000,0x00000000a0e464f8,0x00000000a2a00000)
 Metaspace       used 48280K, capacity 49266K, committed 49408K, reserved 1091584K
  class space    used 6546K, capacity 6880K, committed 6912K, reserved 1048576K
Event: 17.703 GC heap after
Heap after GC invocations=13 (full 2):
 PSYoungGen      total 159232K, used 11248K [0x00000000e0000000, 0x00000000eda80000, 0x0000000100000000)
  eden space 147968K, 0% used [0x00000000e0000000,0x00000000e0000000,0x00000000e9080000)
  from space 11264K, 99% used [0x00000000e9080000,0x00000000e9b7c128,0x00000000e9b80000)
  to   space 11776K, 0% used [0x00000000e9b80000,0x00000000e9b80000,0x00000000ea700000)
 ParOldGen       total 43008K, used 22666K [0x00000000a0000000, 0x00000000a2a00000, 0x00000000e0000000)
  object space 43008K, 52% used [0x00000000a0000000,0x00000000a1622b58,0x00000000a2a00000)
 Metaspace       used 48280K, capacity 49266K, committed 49408K, reserved 1091584K
  class space    used 6546K, capacity 6880K, committed 6912K, reserved 1048576K
}
Event: 21.095 GC heap before
{Heap before GC invocations=14 (full 2):
 PSYoungGen      total 159232K, used 159216K [0x00000000e0000000, 0x00000000eda80000, 0x0000000100000000)
  eden space 147968K, 100% used [0x00000000e0000000,0x00000000e9080000,0x00000000e9080000)
  from space 11264K, 99% used [0x00000000e9080000,0x00000000e9b7c128,0x00000000e9b80000)
  to   space 11776K, 0% used [0x00000000e9b80000,0x00000000e9b80000,0x00000000ea700000)
 ParOldGen       total 43008K, used 22666K [0x00000000a0000000, 0x00000000a2a00000, 0x00000000e0000000)
  object space 43008K, 52% used [0x00000000a0000000,0x00000000a1622b58,0x00000000a2a00000)
 Metaspace       used 57210K, capacity 58876K, committed 59008K, reserved 1099776K
  class space    used 7841K, capacity 8276K, committed 8320K, reserved 1048576K
Event: 21.138 GC heap after
Heap after GC invocations=14 (full 2):
 PSYoungGen      total 159744K, used 11773K [0x00000000e0000000, 0x00000000eda80000, 0x0000000100000000)
  eden space 147968K, 0% used [0x00000000e0000000,0x00000000e0000000,0x00000000e9080000)
  from space 11776K, 99% used [0x00000000e9b80000,0x00000000ea6ff570,0x00000000ea700000)
  to   space 11264K, 0% used [0x00000000e9080000,0x00000000e9080000,0x00000000e9b80000)
 ParOldGen       total 43008K, used 36873K [0x00000000a0000000, 0x00000000a2a00000, 0x00000000e0000000)
  object space 43008K, 85% used [0x00000000a0000000,0x00000000a24027e0,0x00000000a2a00000)
 Metaspace       used 57210K, capacity 58876K, committed 59008K, reserved 1099776K
  class space    used 7841K, capacity 8276K, committed 8320K, reserved 1048576K
}
Event: 21.138 GC heap before
{Heap before GC invocations=15 (full 3):
 PSYoungGen      total 159744K, used 11773K [0x00000000e0000000, 0x00000000eda80000, 0x0000000100000000)
  eden space 147968K, 0% used [0x00000000e0000000,0x00000000e0000000,0x00000000e9080000)
  from space 11776K, 99% used [0x00000000e9b80000,0x00000000ea6ff570,0x00000000ea700000)
  to   space 11264K, 0% used [0x00000000e9080000,0x00000000e9080000,0x00000000e9b80000)
 ParOldGen       total 43008K, used 36873K [0x00000000a0000000, 0x00000000a2a00000, 0x00000000e0000000)
  object space 43008K, 85% used [0x00000000a0000000,0x00000000a24027e0,0x00000000a2a00000)
 Metaspace       used 57210K, capacity 58876K, committed 59008K, reserved 1099776K
  class space    used 7841K, capacity 8276K, committed 8320K, reserved 1048576K
Event: 21.504 GC heap after
Heap after GC invocations=15 (full 3):
 PSYoungGen      total 159744K, used 0K [0x00000000e0000000, 0x00000000eda80000, 0x0000000100000000)
  eden space 147968K, 0% used [0x00000000e0000000,0x00000000e0000000,0x00000000e9080000)
  from space 11776K, 0% used [0x00000000e9b80000,0x00000000e9b80000,0x00000000ea700000)
  to   space 11264K, 0% used [0x00000000e9080000,0x00000000e9080000,0x00000000e9b80000)
 ParOldGen       total 76800K, used 39705K [0x00000000a0000000, 0x00000000a4b00000, 0x00000000e0000000)
  object space 76800K, 51% used [0x00000000a0000000,0x00000000a26c65d0,0x00000000a4b00000)
 Metaspace       used 57210K, capacity 58876K, committed 59008K, reserved 1099776K
  class space    used 7841K, capacity 8276K, committed 8320K, reserved 1048576K
}

