# JRE version: OpenJDK Runtime Environment (8.0_152-b01) (build 1.8.0_152-release-1248-b01)
# Java VM: OpenJDK 64-Bit Server VM (25.152-b01 mixed mode windows-amd64 compressed oops)
Heap:
 PSYoungGen      total 72192K, used 55408K [0x00000000e0000000, 0x00000000e6500000, 0x0000000100000000)
  eden space 64512K, 74% used [0x00000000e0000000,0x00000000e2e9f568,0x00000000e3f00000)
  from space 7680K, 99% used [0x00000000e3f00000,0x00000000e467cc48,0x00000000e4680000)
  to   space 9728K, 18% used [0x00000000e5b80000,0x00000000e5d40000,0x00000000e6500000)
 ParOldGen       total 36352K, used 10477K [0x00000000a0000000, 0x00000000a2380000, 0x00000000e0000000)
  object space 36352K, 28% used [0x00000000a0000000,0x00000000a0a3f478,0x00000000a2380000)
 Metaspace       used 34771K, capacity 35352K, committed 35416K, reserved 1079296K
  class space    used 4843K, capacity 5068K, committed 5120K, reserved 1048576K
GC Heap History (10 events):
Event: 4.267 GC heap after
Heap after GC invocations=6 (full 0):
 PSYoungGen      total 71168K, used 6460K [0x00000000e0000000, 0x00000000e4f00000, 0x0000000100000000)
  eden space 64512K, 0% used [0x00000000e0000000,0x00000000e0000000,0x00000000e3f00000)
  from space 6656K, 97% used [0x00000000e4680000,0x00000000e4ccf140,0x00000000e4d00000)
  to   space 7680K, 0% used [0x00000000e3f00000,0x00000000e3f00000,0x00000000e4680000)
 ParOldGen       total 44032K, used 6696K [0x00000000a0000000, 0x00000000a2b00000, 0x00000000e0000000)
  object space 44032K, 15% used [0x00000000a0000000,0x00000000a068a1c0,0x00000000a2b00000)
 Metaspace       used 16566K, capacity 16910K, committed 17152K, reserved 1064960K
  class space    used 2392K, capacity 2541K, committed 2560K, reserved 1048576K
}
Event: 4.910 GC heap before
{Heap before GC invocations=7 (full 0):
 PSYoungGen      total 71168K, used 32988K [0x00000000e0000000, 0x00000000e4f00000, 0x0000000100000000)
  eden space 64512K, 41% used [0x00000000e0000000,0x00000000e19e7fc0,0x00000000e3f00000)
  from space 6656K, 97% used [0x00000000e4680000,0x00000000e4ccf140,0x00000000e4d00000)
  to   space 7680K, 0% used [0x00000000e3f00000,0x00000000e3f00000,0x00000000e4680000)
 ParOldGen       total 44032K, used 6696K [0x00000000a0000000, 0x00000000a2b00000, 0x00000000e0000000)
  object space 44032K, 15% used [0x00000000a0000000,0x00000000a068a1c0,0x00000000a2b00000)
 Metaspace       used 20856K, capacity 21176K, committed 21248K, reserved 1067008K
  class space    used 2911K, capacity 3060K, committed 3072K, reserved 1048576K
Event: 4.927 GC heap after
Heap after GC invocations=7 (full 0):
 PSYoungGen      total 72192K, used 6619K [0x00000000e0000000, 0x00000000e4f00000, 0x0000000100000000)
  eden space 64512K, 0% used [0x00000000e0000000,0x00000000e0000000,0x00000000e3f00000)
  from space 7680K, 86% used [0x00000000e3f00000,0x00000000e4576ec0,0x00000000e4680000)
  to   space 6656K, 0% used [0x00000000e4680000,0x00000000e4680000,0x00000000e4d00000)
 ParOldGen       total 44032K, used 7320K [0x00000000a0000000, 0x00000000a2b00000, 0x00000000e0000000)
  object space 44032K, 16% used [0x00000000a0000000,0x00000000a0726200,0x00000000a2b00000)
 Metaspace       used 20856K, capacity 21176K, committed 21248K, reserved 1067008K
  class space    used 2911K, capacity 3060K, committed 3072K, reserved 1048576K
}
Event: 4.927 GC heap before
{Heap before GC invocations=8 (full 1):
 PSYoungGen      total 72192K, used 6619K [0x00000000e0000000, 0x00000000e4f00000, 0x0000000100000000)
  eden space 64512K, 0% used [0x00000000e0000000,0x00000000e0000000,0x00000000e3f00000)
  from space 7680K, 86% used [0x00000000e3f00000,0x00000000e4576ec0,0x00000000e4680000)
  to   space 6656K, 0% used [0x00000000e4680000,0x00000000e4680000,0x00000000e4d00000)
 ParOldGen       total 44032K, used 7320K [0x00000000a0000000, 0x00000000a2b00000, 0x00000000e0000000)
  object space 44032K, 16% used [0x00000000a0000000,0x00000000a0726200,0x00000000a2b00000)
 Metaspace       used 20856K, capacity 21176K, committed 21248K, reserved 1067008K
  class space    used 2911K, capacity 3060K, committed 3072K, reserved 1048576K
Event: 5.011 GC heap after
Heap after GC invocations=8 (full 1):
 PSYoungGen      total 72192K, used 0K [0x00000000e0000000, 0x00000000e4f00000, 0x0000000100000000)
  eden space 64512K, 0% used [0x00000000e0000000,0x00000000e0000000,0x00000000e3f00000)
  from space 7680K, 0% used [0x00000000e3f00000,0x00000000e3f00000,0x00000000e4680000)
  to   space 6656K, 0% used [0x00000000e4680000,0x00000000e4680000,0x00000000e4d00000)
 ParOldGen       total 36352K, used 8858K [0x00000000a0000000, 0x00000000a2380000, 0x00000000e0000000)
  object space 36352K, 24% used [0x00000000a0000000,0x00000000a08a6940,0x00000000a2380000)
 Metaspace       used 20856K, capacity 21176K, committed 21248K, reserved 1067008K
  class space    used 2911K, capacity 3060K, committed 3072K, reserved 1048576K
}
Event: 6.649 GC heap before
{Heap before GC invocations=9 (full 1):
 PSYoungGen      total 72192K, used 64512K [0x00000000e0000000, 0x00000000e4f00000, 0x0000000100000000)
  eden space 64512K, 100% used [0x00000000e0000000,0x00000000e3f00000,0x00000000e3f00000)
  from space 7680K, 0% used [0x00000000e3f00000,0x00000000e3f00000,0x00000000e4680000)
  to   space 6656K, 0% used [0x00000000e4680000,0x00000000e4680000,0x00000000e4d00000)
 ParOldGen       total 36352K, used 8858K [0x00000000a0000000, 0x00000000a2380000, 0x00000000e0000000)
  object space 36352K, 24% used [0x00000000a0000000,0x00000000a08a6940,0x00000000a2380000)
 Metaspace       used 26753K, capacity 27110K, committed 27392K, reserved 1073152K
  class space    used 3642K, capacity 3815K, committed 3840K, reserved 1048576K
Event: 6.666 GC heap after
Heap after GC invocations=9 (full 1):
 PSYoungGen      total 71168K, used 6626K [0x00000000e0000000, 0x00000000e4f00000, 0x0000000100000000)
  eden space 64512K, 0% used [0x00000000e0000000,0x00000000e0000000,0x00000000e3f00000)
  from space 6656K, 99% used [0x00000000e4680000,0x00000000e4cf88b0,0x00000000e4d00000)
  to   space 7680K, 0% used [0x00000000e3f00000,0x00000000e3f00000,0x00000000e4680000)
 ParOldGen       total 36352K, used 9196K [0x00000000a0000000, 0x00000000a2380000, 0x00000000e0000000)
  object space 36352K, 25% used [0x00000000a0000000,0x00000000a08fb1c0,0x00000000a2380000)
 Metaspace       used 26753K, capacity 27110K, committed 27392K, reserved 1073152K
  class space    used 3642K, capacity 3815K, committed 3840K, reserved 1048576K
}
Event: 7.709 GC heap before
{Heap before GC invocations=10 (full 1):
 PSYoungGen      total 71168K, used 71138K [0x00000000e0000000, 0x00000000e4f00000, 0x0000000100000000)
  eden space 64512K, 100% used [0x00000000e0000000,0x00000000e3f00000,0x00000000e3f00000)
  from space 6656K, 99% used [0x00000000e4680000,0x00000000e4cf88b0,0x00000000e4d00000)
  to   space 7680K, 0% used [0x00000000e3f00000,0x00000000e3f00000,0x00000000e4680000)
 ParOldGen       total 36352K, used 9196K [0x00000000a0000000, 0x00000000a2380000, 0x00000000e0000000)
  object space 36352K, 25% used [0x00000000a0000000,0x00000000a08fb1c0,0x00000000a2380000)
 Metaspace       used 30022K, capacity 30386K, committed 30464K, reserved 1075200K
  class space    used 4177K, capacity 4330K, committed 4352K, reserved 1048576K
Event: 7.723 GC heap after
Heap after GC invocations=10 (full 1):
 PSYoungGen      total 72192K, used 7667K [0x00000000e0000000, 0x00000000e6500000, 0x0000000100000000)
  eden space 64512K, 0% used [0x00000000e0000000,0x00000000e0000000,0x00000000e3f00000)
  from space 7680K, 99% used [0x00000000e3f00000,0x00000000e467cc48,0x00000000e4680000)
  to   space 9728K, 0% used [0x00000000e5b80000,0x00000000e5b80000,0x00000000e6500000)
 ParOldGen       total 36352K, used 9421K [0x00000000a0000000, 0x00000000a2380000, 0x00000000e0000000)
  object space 36352K, 25% used [0x00000000a0000000,0x00000000a0933438,0x00000000a2380000)
 Metaspace       used 30022K, capacity 30386K, committed 30464K, reserved 1075200K
  class space    used 4177K, capacity 4330K, committed 4352K, reserved 1048576K
}
Event: 9.121 GC heap before
{Heap before GC invocations=11 (full 1):
 PSYoungGen      total 72192K, used 55408K [0x00000000e0000000, 0x00000000e6500000, 0x0000000100000000)
  eden space 64512K, 74% used [0x00000000e0000000,0x00000000e2e9f568,0x00000000e3f00000)
  from space 7680K, 99% used [0x00000000e3f00000,0x00000000e467cc48,0x00000000e4680000)
  to   space 9728K, 0% used [0x00000000e5b80000,0x00000000e5b80000,0x00000000e6500000)
 ParOldGen       total 36352K, used 9421K [0x00000000a0000000, 0x00000000a2380000, 0x00000000e0000000)
  object space 36352K, 25% used [0x00000000a0000000,0x00000000a0933438,0x00000000a2380000)
 Metaspace       used 34771K, capacity 35352K, committed 35416K, reserved 1079296K
  class space    used 4843K, capacity 5068K, committed 5120K, reserved 1048576K

