# JRE version: OpenJDK Runtime Environment (8.0_152-b01) (build 1.8.0_152-release-1248-b01)
# Java VM: OpenJDK 64-Bit Server VM (25.152-b01 mixed mode windows-amd64 compressed oops)
Heap:
 PSYoungGen      total 198656K, used 68674K [0x00000000e0000000, 0x00000000edb80000, 0x0000000100000000)
  eden space 182272K, 37% used [0x00000000e0000000,0x00000000e4310950,0x00000000eb200000)
  from space 16384K, 0% used [0x00000000ec380000,0x00000000ec380000,0x00000000ed380000)
  to   space 17920K, 0% used [0x00000000eb200000,0x00000000eb200000,0x00000000ec380000)
 ParOldGen       total 51712K, used 42513K [0x00000000a0000000, 0x00000000a3280000, 0x00000000e0000000)
  object space 51712K, 82% used [0x00000000a0000000,0x00000000a2984638,0x00000000a3280000)
 Metaspace       used 62307K, capacity 63822K, committed 64024K, reserved 1103872K
  class space    used 8213K, capacity 8658K, committed 8744K, reserved 1048576K
GC Heap History (10 events):
Event: 108.887 GC heap before
{Heap before GC invocations=17 (full 2):
 PSYoungGen      total 148480K, used 142036K [0x00000000e0000000, 0x00000000e9c80000, 0x0000000100000000)
  eden space 140800K, 100% used [0x00000000e0000000,0x00000000e8980000,0x00000000e8980000)
  from space 7680K, 16% used [0x00000000e9500000,0x00000000e96353b0,0x00000000e9c80000)
  to   space 9728K, 0% used [0x00000000e8980000,0x00000000e8980000,0x00000000e9300000)
 ParOldGen       total 51712K, used 18424K [0x00000000a0000000, 0x00000000a3280000, 0x00000000e0000000)
  object space 51712K, 35% used [0x00000000a0000000,0x00000000a11fe010,0x00000000a3280000)
 Metaspace       used 37906K, capacity 38550K, committed 38824K, reserved 1083392K
  class space    used 5012K, capacity 5228K, committed 5288K, reserved 1048576K
Event: 108.892 GC heap after
Heap after GC invocations=17 (full 2):
 PSYoungGen      total 150528K, used 1091K [0x00000000e0000000, 0x00000000eb700000, 0x0000000100000000)
  eden space 140800K, 0% used [0x00000000e0000000,0x00000000e0000000,0x00000000e8980000)
  from space 9728K, 11% used [0x00000000e8980000,0x00000000e8a90d20,0x00000000e9300000)
  to   space 9728K, 0% used [0x00000000ead80000,0x00000000ead80000,0x00000000eb700000)
 ParOldGen       total 51712K, used 18424K [0x00000000a0000000, 0x00000000a3280000, 0x00000000e0000000)
  object space 51712K, 35% used [0x00000000a0000000,0x00000000a11fe010,0x00000000a3280000)
 Metaspace       used 37906K, capacity 38550K, committed 38824K, reserved 1083392K
  class space    used 5012K, capacity 5228K, committed 5288K, reserved 1048576K
}
Event: 113.191 GC heap before
{Heap before GC invocations=18 (full 2):
 PSYoungGen      total 150528K, used 141891K [0x00000000e0000000, 0x00000000eb700000, 0x0000000100000000)
  eden space 140800K, 100% used [0x00000000e0000000,0x00000000e8980000,0x00000000e8980000)
  from space 9728K, 11% used [0x00000000e8980000,0x00000000e8a90d20,0x00000000e9300000)
  to   space 9728K, 0% used [0x00000000ead80000,0x00000000ead80000,0x00000000eb700000)
 ParOldGen       total 51712K, used 18424K [0x00000000a0000000, 0x00000000a3280000, 0x00000000e0000000)
  object space 51712K, 35% used [0x00000000a0000000,0x00000000a11fe010,0x00000000a3280000)
 Metaspace       used 40596K, capacity 41240K, committed 41384K, reserved 1085440K
  class space    used 5301K, capacity 5524K, committed 5544K, reserved 1048576K
Event: 113.201 GC heap after
Heap after GC invocations=18 (full 2):
 PSYoungGen      total 170496K, used 4624K [0x00000000e0000000, 0x00000000eb300000, 0x0000000100000000)
  eden space 164864K, 0% used [0x00000000e0000000,0x00000000e0000000,0x00000000ea100000)
  from space 5632K, 82% used [0x00000000ead80000,0x00000000eb2042c0,0x00000000eb300000)
  to   space 9216K, 0% used [0x00000000ea100000,0x00000000ea100000,0x00000000eaa00000)
 ParOldGen       total 51712K, used 18432K [0x00000000a0000000, 0x00000000a3280000, 0x00000000e0000000)
  object space 51712K, 35% used [0x00000000a0000000,0x00000000a1200010,0x00000000a3280000)
 Metaspace       used 40596K, capacity 41240K, committed 41384K, reserved 1085440K
  class space    used 5301K, capacity 5524K, committed 5544K, reserved 1048576K
}
Event: 125.378 GC heap before
{Heap before GC invocations=19 (full 2):
 PSYoungGen      total 170496K, used 169488K [0x00000000e0000000, 0x00000000eb300000, 0x0000000100000000)
  eden space 164864K, 100% used [0x00000000e0000000,0x00000000ea100000,0x00000000ea100000)
  from space 5632K, 82% used [0x00000000ead80000,0x00000000eb2042c0,0x00000000eb300000)
  to   space 9216K, 0% used [0x00000000ea100000,0x00000000ea100000,0x00000000eaa00000)
 ParOldGen       total 51712K, used 18432K [0x00000000a0000000, 0x00000000a3280000, 0x00000000e0000000)
  object space 51712K, 35% used [0x00000000a0000000,0x00000000a1200010,0x00000000a3280000)
 Metaspace       used 53917K, capacity 55100K, committed 55464K, reserved 1097728K
  class space    used 7069K, capacity 7470K, committed 7592K, reserved 1048576K
Event: 125.431 GC heap after
Heap after GC invocations=19 (full 2):
 PSYoungGen      total 174080K, used 9212K [0x00000000e0000000, 0x00000000ed380000, 0x0000000100000000)
  eden space 164864K, 0% used [0x00000000e0000000,0x00000000e0000000,0x00000000ea100000)
  from space 9216K, 99% used [0x00000000ea100000,0x00000000ea9ff3c0,0x00000000eaa00000)
  to   space 16384K, 0% used [0x00000000ec380000,0x00000000ec380000,0x00000000ed380000)
 ParOldGen       total 51712K, used 32883K [0x00000000a0000000, 0x00000000a3280000, 0x00000000e0000000)
  object space 51712K, 63% used [0x00000000a0000000,0x00000000a201cc38,0x00000000a3280000)
 Metaspace       used 53917K, capacity 55100K, committed 55464K, reserved 1097728K
  class space    used 7069K, capacity 7470K, committed 7592K, reserved 1048576K
}
Event: 129.102 GC heap before
{Heap before GC invocations=20 (full 2):
 PSYoungGen      total 174080K, used 66992K [0x00000000e0000000, 0x00000000ed380000, 0x0000000100000000)
  eden space 164864K, 35% used [0x00000000e0000000,0x00000000e386ce40,0x00000000ea100000)
  from space 9216K, 99% used [0x00000000ea100000,0x00000000ea9ff3c0,0x00000000eaa00000)
  to   space 16384K, 0% used [0x00000000ec380000,0x00000000ec380000,0x00000000ed380000)
 ParOldGen       total 51712K, used 32883K [0x00000000a0000000, 0x00000000a3280000, 0x00000000e0000000)
  object space 51712K, 63% used [0x00000000a0000000,0x00000000a201cc38,0x00000000a3280000)
 Metaspace       used 57650K, capacity 59058K, committed 59160K, reserved 1099776K
  class space    used 7526K, capacity 7949K, committed 7976K, reserved 1048576K
Event: 129.148 GC heap after
Heap after GC invocations=20 (full 2):
 PSYoungGen      total 198656K, used 12981K [0x00000000e0000000, 0x00000000edb80000, 0x0000000100000000)
  eden space 182272K, 0% used [0x00000000e0000000,0x00000000e0000000,0x00000000eb200000)
  from space 16384K, 79% used [0x00000000ec380000,0x00000000ed02d6e8,0x00000000ed380000)
  to   space 17920K, 0% used [0x00000000eb200000,0x00000000eb200000,0x00000000ec380000)
 ParOldGen       total 51712K, used 33088K [0x00000000a0000000, 0x00000000a3280000, 0x00000000e0000000)
  object space 51712K, 63% used [0x00000000a0000000,0x00000000a2050020,0x00000000a3280000)
 Metaspace       used 57650K, capacity 59058K, committed 59160K, reserved 1099776K
  class space    used 7526K, capacity 7949K, committed 7976K, reserved 1048576K
}
Event: 129.148 GC heap before
{Heap before GC invocations=21 (full 3):
 PSYoungGen      total 198656K, used 12981K [0x00000000e0000000, 0x00000000edb80000, 0x0000000100000000)
  eden space 182272K, 0% used [0x00000000e0000000,0x00000000e0000000,0x00000000eb200000)
  from space 16384K, 79% used [0x00000000ec380000,0x00000000ed02d6e8,0x00000000ed380000)
  to   space 17920K, 0% used [0x00000000eb200000,0x00000000eb200000,0x00000000ec380000)
 ParOldGen       total 51712K, used 33088K [0x00000000a0000000, 0x00000000a3280000, 0x00000000e0000000)
  object space 51712K, 63% used [0x00000000a0000000,0x00000000a2050020,0x00000000a3280000)
 Metaspace       used 57650K, capacity 59058K, committed 59160K, reserved 1099776K
  class space    used 7526K, capacity 7949K, committed 7976K, reserved 1048576K
Event: 129.517 GC heap after
Heap after GC invocations=21 (full 3):
 PSYoungGen      total 198656K, used 0K [0x00000000e0000000, 0x00000000edb80000, 0x0000000100000000)
  eden space 182272K, 0% used [0x00000000e0000000,0x00000000e0000000,0x00000000eb200000)
  from space 16384K, 0% used [0x00000000ec380000,0x00000000ec380000,0x00000000ed380000)
  to   space 17920K, 0% used [0x00000000eb200000,0x00000000eb200000,0x00000000ec380000)
 ParOldGen       total 51712K, used 42513K [0x00000000a0000000, 0x00000000a3280000, 0x00000000e0000000)
  object space 51712K, 82% used [0x00000000a0000000,0x00000000a2984638,0x00000000a3280000)
 Metaspace       used 57608K, capacity 58948K, committed 59160K, reserved 1099776K
  class space    used 7513K, capacity 7935K, committed 7976K, reserved 1048576K
}

