# JRE version: OpenJDK Runtime Environment (8.0_152-b01) (build 1.8.0_152-release-1248-b01)
# Java VM: OpenJDK 64-Bit Server VM (25.152-b01 mixed mode windows-amd64 compressed oops)
Heap:
 PSYoungGen      total 37888K, used 18763K [0x00000000e0000000, 0x00000000e3b00000, 0x0000000100000000)
  eden space 32256K, 47% used [0x00000000e0000000,0x00000000e0edb928,0x00000000e1f80000)
  from space 5632K, 63% used [0x00000000e1f80000,0x00000000e22f7538,0x00000000e2500000)
  to   space 8192K, 0% used [0x00000000e3300000,0x00000000e3300000,0x00000000e3b00000)
 ParOldGen       total 35328K, used 9544K [0x00000000a0000000, 0x00000000a2280000, 0x00000000e0000000)
  object space 35328K, 27% used [0x00000000a0000000,0x00000000a0952070,0x00000000a2280000)
 Metaspace       used 25607K, capacity 26010K, committed 26368K, reserved 1071104K
  class space    used 3559K, capacity 3736K, committed 3840K, reserved 1048576K
GC Heap History (10 events):
Event: 6.263 GC heap before
{Heap before GC invocations=6 (full 0):
 PSYoungGen      total 18944K, used 18944K [0x00000000e0000000, 0x00000000e2a00000, 0x0000000100000000)
  eden space 16384K, 100% used [0x00000000e0000000,0x00000000e1000000,0x00000000e1000000)
  from space 2560K, 100% used [0x00000000e1000000,0x00000000e1280000,0x00000000e1280000)
  to   space 5120K, 0% used [0x00000000e2500000,0x00000000e2500000,0x00000000e2a00000)
 ParOldGen       total 44032K, used 4686K [0x00000000a0000000, 0x00000000a2b00000, 0x00000000e0000000)
  object space 44032K, 10% used [0x00000000a0000000,0x00000000a0493878,0x00000000a2b00000)
 Metaspace       used 13622K, capacity 13966K, committed 14208K, reserved 1060864K
  class space    used 1919K, capacity 2059K, committed 2176K, reserved 1048576K
Event: 6.271 GC heap after
Heap after GC invocations=6 (full 0):
 PSYoungGen      total 37376K, used 4733K [0x00000000e0000000, 0x00000000e2b00000, 0x0000000100000000)
  eden space 32256K, 0% used [0x00000000e0000000,0x00000000e0000000,0x00000000e1f80000)
  from space 5120K, 92% used [0x00000000e2500000,0x00000000e299f4c0,0x00000000e2a00000)
  to   space 5632K, 0% used [0x00000000e1f80000,0x00000000e1f80000,0x00000000e2500000)
 ParOldGen       total 44032K, used 4694K [0x00000000a0000000, 0x00000000a2b00000, 0x00000000e0000000)
  object space 44032K, 10% used [0x00000000a0000000,0x00000000a0495878,0x00000000a2b00000)
 Metaspace       used 13622K, capacity 13966K, committed 14208K, reserved 1060864K
  class space    used 1919K, capacity 2059K, committed 2176K, reserved 1048576K
}
Event: 7.157 GC heap before
{Heap before GC invocations=7 (full 0):
 PSYoungGen      total 37376K, used 36989K [0x00000000e0000000, 0x00000000e2b00000, 0x0000000100000000)
  eden space 32256K, 100% used [0x00000000e0000000,0x00000000e1f80000,0x00000000e1f80000)
  from space 5120K, 92% used [0x00000000e2500000,0x00000000e299f4c0,0x00000000e2a00000)
  to   space 5632K, 0% used [0x00000000e1f80000,0x00000000e1f80000,0x00000000e2500000)
 ParOldGen       total 44032K, used 4694K [0x00000000a0000000, 0x00000000a2b00000, 0x00000000e0000000)
  object space 44032K, 10% used [0x00000000a0000000,0x00000000a0495878,0x00000000a2b00000)
 Metaspace       used 16620K, capacity 17022K, committed 17152K, reserved 1064960K
  class space    used 2399K, capacity 2549K, committed 2560K, reserved 1048576K
Event: 7.177 GC heap after
Heap after GC invocations=7 (full 0):
 PSYoungGen      total 37888K, used 5609K [0x00000000e0000000, 0x00000000e2b00000, 0x0000000100000000)
  eden space 32256K, 0% used [0x00000000e0000000,0x00000000e0000000,0x00000000e1f80000)
  from space 5632K, 99% used [0x00000000e1f80000,0x00000000e24fa548,0x00000000e2500000)
  to   space 5120K, 0% used [0x00000000e2500000,0x00000000e2500000,0x00000000e2a00000)
 ParOldGen       total 44032K, used 5916K [0x00000000a0000000, 0x00000000a2b00000, 0x00000000e0000000)
  object space 44032K, 13% used [0x00000000a0000000,0x00000000a05c7170,0x00000000a2b00000)
 Metaspace       used 16620K, capacity 17022K, committed 17152K, reserved 1064960K
  class space    used 2399K, capacity 2549K, committed 2560K, reserved 1048576K
}
Event: 8.692 GC heap before
{Heap before GC invocations=8 (full 0):
 PSYoungGen      total 37888K, used 37292K [0x00000000e0000000, 0x00000000e2b00000, 0x0000000100000000)
  eden space 32256K, 98% used [0x00000000e0000000,0x00000000e1ef0d88,0x00000000e1f80000)
  from space 5632K, 99% used [0x00000000e1f80000,0x00000000e24fa548,0x00000000e2500000)
  to   space 5120K, 0% used [0x00000000e2500000,0x00000000e2500000,0x00000000e2a00000)
 ParOldGen       total 44032K, used 5916K [0x00000000a0000000, 0x00000000a2b00000, 0x00000000e0000000)
  object space 44032K, 13% used [0x00000000a0000000,0x00000000a05c7170,0x00000000a2b00000)
 Metaspace       used 20678K, capacity 21148K, committed 21296K, reserved 1067008K
  class space    used 2907K, capacity 3119K, committed 3200K, reserved 1048576K
Event: 8.704 GC heap after
Heap after GC invocations=8 (full 0):
 PSYoungGen      total 37376K, used 5089K [0x00000000e0000000, 0x00000000e2b00000, 0x0000000100000000)
  eden space 32256K, 0% used [0x00000000e0000000,0x00000000e0000000,0x00000000e1f80000)
  from space 5120K, 99% used [0x00000000e2500000,0x00000000e29f8450,0x00000000e2a00000)
  to   space 5632K, 0% used [0x00000000e1f80000,0x00000000e1f80000,0x00000000e2500000)
 ParOldGen       total 44032K, used 8466K [0x00000000a0000000, 0x00000000a2b00000, 0x00000000e0000000)
  object space 44032K, 19% used [0x00000000a0000000,0x00000000a0844928,0x00000000a2b00000)
 Metaspace       used 20678K, capacity 21148K, committed 21296K, reserved 1067008K
  class space    used 2907K, capacity 3119K, committed 3200K, reserved 1048576K
}
Event: 8.704 GC heap before
{Heap before GC invocations=9 (full 1):
 PSYoungGen      total 37376K, used 5089K [0x00000000e0000000, 0x00000000e2b00000, 0x0000000100000000)
  eden space 32256K, 0% used [0x00000000e0000000,0x00000000e0000000,0x00000000e1f80000)
  from space 5120K, 99% used [0x00000000e2500000,0x00000000e29f8450,0x00000000e2a00000)
  to   space 5632K, 0% used [0x00000000e1f80000,0x00000000e1f80000,0x00000000e2500000)
 ParOldGen       total 44032K, used 8466K [0x00000000a0000000, 0x00000000a2b00000, 0x00000000e0000000)
  object space 44032K, 19% used [0x00000000a0000000,0x00000000a0844928,0x00000000a2b00000)
 Metaspace       used 20678K, capacity 21148K, committed 21296K, reserved 1067008K
  class space    used 2907K, capacity 3119K, committed 3200K, reserved 1048576K
Event: 8.769 GC heap after
Heap after GC invocations=9 (full 1):
 PSYoungGen      total 37376K, used 0K [0x00000000e0000000, 0x00000000e2b00000, 0x0000000100000000)
  eden space 32256K, 0% used [0x00000000e0000000,0x00000000e0000000,0x00000000e1f80000)
  from space 5120K, 0% used [0x00000000e2500000,0x00000000e2500000,0x00000000e2a00000)
  to   space 5632K, 0% used [0x00000000e1f80000,0x00000000e1f80000,0x00000000e2500000)
 ParOldGen       total 35328K, used 9536K [0x00000000a0000000, 0x00000000a2280000, 0x00000000e0000000)
  object space 35328K, 26% used [0x00000000a0000000,0x00000000a0950070,0x00000000a2280000)
 Metaspace       used 20678K, capacity 21148K, committed 21296K, reserved 1067008K
  class space    used 2907K, capacity 3119K, committed 3200K, reserved 1048576K
}
Event: 9.741 GC heap before
{Heap before GC invocations=10 (full 1):
 PSYoungGen      total 37376K, used 32256K [0x00000000e0000000, 0x00000000e2b00000, 0x0000000100000000)
  eden space 32256K, 100% used [0x00000000e0000000,0x00000000e1f80000,0x00000000e1f80000)
  from space 5120K, 0% used [0x00000000e2500000,0x00000000e2500000,0x00000000e2a00000)
  to   space 5632K, 0% used [0x00000000e1f80000,0x00000000e1f80000,0x00000000e2500000)
 ParOldGen       total 35328K, used 9536K [0x00000000a0000000, 0x00000000a2280000, 0x00000000e0000000)
  object space 35328K, 26% used [0x00000000a0000000,0x00000000a0950070,0x00000000a2280000)
 Metaspace       used 24538K, capacity 25076K, committed 25088K, reserved 1071104K
  class space    used 3372K, capacity 3575K, committed 3584K, reserved 1048576K
Event: 9.747 GC heap after
Heap after GC invocations=10 (full 1):
 PSYoungGen      total 37888K, used 3549K [0x00000000e0000000, 0x00000000e3b00000, 0x0000000100000000)
  eden space 32256K, 0% used [0x00000000e0000000,0x00000000e0000000,0x00000000e1f80000)
  from space 5632K, 63% used [0x00000000e1f80000,0x00000000e22f7538,0x00000000e2500000)
  to   space 8192K, 0% used [0x00000000e3300000,0x00000000e3300000,0x00000000e3b00000)
 ParOldGen       total 35328K, used 9544K [0x00000000a0000000, 0x00000000a2280000, 0x00000000e0000000)
  object space 35328K, 27% used [0x00000000a0000000,0x00000000a0952070,0x00000000a2280000)
 Metaspace       used 24538K, capacity 25076K, committed 25088K, reserved 1071104K
  class space    used 3372K, capacity 3575K, committed 3584K, reserved 1048576K
}

