# JRE version: OpenJDK Runtime Environment (8.0_152-b01) (build 1.8.0_152-release-1248-b01)
# Java VM: OpenJDK 64-Bit Server VM (25.152-b01 mixed mode windows-amd64 compressed oops)
Heap:
 PSYoungGen      total 93184K, used 36855K [0x00000000e0000000, 0x00000000e8300000, 0x0000000100000000)
  eden space 82944K, 37% used [0x00000000e0000000,0x00000000e1ec3de8,0x00000000e5100000)
  from space 10240K, 52% used [0x00000000e5100000,0x00000000e563a120,0x00000000e5b00000)
  to   space 10240K, 0% used [0x00000000e7900000,0x00000000e7900000,0x00000000e8300000)
 ParOldGen       total 51712K, used 16232K [0x00000000a0000000, 0x00000000a3280000, 0x00000000e0000000)
  object space 51712K, 31% used [0x00000000a0000000,0x00000000a0fda160,0x00000000a3280000)
 Metaspace       used 40542K, capacity 41220K, committed 41472K, reserved 1085440K
  class space    used 5277K, capacity 5519K, committed 5632K, reserved 1048576K
GC Heap History (10 events):
Event: 20.837 GC heap before
{Heap before GC invocations=9 (full 1):
 PSYoungGen      total 69120K, used 61952K [0x00000000e0000000, 0x00000000e4d80000, 0x0000000100000000)
  eden space 61952K, 100% used [0x00000000e0000000,0x00000000e3c80000,0x00000000e3c80000)
  from space 7168K, 0% used [0x00000000e3f00000,0x00000000e3f00000,0x00000000e4600000)
  to   space 7680K, 0% used [0x00000000e4600000,0x00000000e4600000,0x00000000e4d80000)
 ParOldGen       total 36352K, used 9591K [0x00000000a0000000, 0x00000000a2380000, 0x00000000e0000000)
  object space 36352K, 26% used [0x00000000a0000000,0x00000000a095dcc8,0x00000000a2380000)
 Metaspace       used 28140K, capacity 28618K, committed 28928K, reserved 1075200K
  class space    used 3825K, capacity 4002K, committed 4096K, reserved 1048576K
Event: 20.848 GC heap after
Heap after GC invocations=9 (full 1):
 PSYoungGen      total 69632K, used 7666K [0x00000000e0000000, 0x00000000e7200000, 0x0000000100000000)
  eden space 61952K, 0% used [0x00000000e0000000,0x00000000e0000000,0x00000000e3c80000)
  from space 7680K, 99% used [0x00000000e4600000,0x00000000e4d7c918,0x00000000e4d80000)
  to   space 9728K, 0% used [0x00000000e3c80000,0x00000000e3c80000,0x00000000e4600000)
 ParOldGen       total 36352K, used 9669K [0x00000000a0000000, 0x00000000a2380000, 0x00000000e0000000)
  object space 36352K, 26% used [0x00000000a0000000,0x00000000a0971580,0x00000000a2380000)
 Metaspace       used 28140K, capacity 28618K, committed 28928K, reserved 1075200K
  class space    used 3825K, capacity 4002K, committed 4096K, reserved 1048576K
}
Event: 23.769 GC heap before
{Heap before GC invocations=10 (full 1):
 PSYoungGen      total 69632K, used 69618K [0x00000000e0000000, 0x00000000e7200000, 0x0000000100000000)
  eden space 61952K, 100% used [0x00000000e0000000,0x00000000e3c80000,0x00000000e3c80000)
  from space 7680K, 99% used [0x00000000e4600000,0x00000000e4d7c918,0x00000000e4d80000)
  to   space 9728K, 0% used [0x00000000e3c80000,0x00000000e3c80000,0x00000000e4600000)
 ParOldGen       total 36352K, used 9669K [0x00000000a0000000, 0x00000000a2380000, 0x00000000e0000000)
  object space 36352K, 26% used [0x00000000a0000000,0x00000000a0971580,0x00000000a2380000)
 Metaspace       used 31310K, capacity 31820K, committed 32000K, reserved 1077248K
  class space    used 4332K, capacity 4532K, committed 4608K, reserved 1048576K
Event: 23.786 GC heap after
Heap after GC invocations=10 (full 1):
 PSYoungGen      total 71680K, used 8726K [0x00000000e0000000, 0x00000000e6580000, 0x0000000100000000)
  eden space 61952K, 0% used [0x00000000e0000000,0x00000000e0000000,0x00000000e3c80000)
  from space 9728K, 89% used [0x00000000e3c80000,0x00000000e4505a68,0x00000000e4600000)
  to   space 10752K, 0% used [0x00000000e5b00000,0x00000000e5b00000,0x00000000e6580000)
 ParOldGen       total 36352K, used 9677K [0x00000000a0000000, 0x00000000a2380000, 0x00000000e0000000)
  object space 36352K, 26% used [0x00000000a0000000,0x00000000a0973580,0x00000000a2380000)
 Metaspace       used 31310K, capacity 31820K, committed 32000K, reserved 1077248K
  class space    used 4332K, capacity 4532K, committed 4608K, reserved 1048576K
}
Event: 25.782 GC heap before
{Heap before GC invocations=11 (full 1):
 PSYoungGen      total 71680K, used 52527K [0x00000000e0000000, 0x00000000e6580000, 0x0000000100000000)
  eden space 61952K, 70% used [0x00000000e0000000,0x00000000e2ac6488,0x00000000e3c80000)
  from space 9728K, 89% used [0x00000000e3c80000,0x00000000e4505a68,0x00000000e4600000)
  to   space 10752K, 0% used [0x00000000e5b00000,0x00000000e5b00000,0x00000000e6580000)
 ParOldGen       total 36352K, used 9677K [0x00000000a0000000, 0x00000000a2380000, 0x00000000e0000000)
  object space 36352K, 26% used [0x00000000a0000000,0x00000000a0973580,0x00000000a2380000)
 Metaspace       used 34804K, capacity 35384K, committed 35456K, reserved 1079296K
  class space    used 4748K, capacity 4946K, committed 4992K, reserved 1048576K
Event: 25.870 GC heap after
Heap after GC invocations=11 (full 1):
 PSYoungGen      total 93696K, used 6572K [0x00000000e0000000, 0x00000000e6b80000, 0x0000000100000000)
  eden space 82944K, 0% used [0x00000000e0000000,0x00000000e0000000,0x00000000e5100000)
  from space 10752K, 61% used [0x00000000e5b00000,0x00000000e616b1e0,0x00000000e6580000)
  to   space 10240K, 0% used [0x00000000e5100000,0x00000000e5100000,0x00000000e5b00000)
 ParOldGen       total 36352K, used 13048K [0x00000000a0000000, 0x00000000a2380000, 0x00000000e0000000)
  object space 36352K, 35% used [0x00000000a0000000,0x00000000a0cbe170,0x00000000a2380000)
 Metaspace       used 34804K, capacity 35384K, committed 35456K, reserved 1079296K
  class space    used 4748K, capacity 4946K, committed 4992K, reserved 1048576K
}
Event: 25.870 GC heap before
{Heap before GC invocations=12 (full 2):
 PSYoungGen      total 93696K, used 6572K [0x00000000e0000000, 0x00000000e6b80000, 0x0000000100000000)
  eden space 82944K, 0% used [0x00000000e0000000,0x00000000e0000000,0x00000000e5100000)
  from space 10752K, 61% used [0x00000000e5b00000,0x00000000e616b1e0,0x00000000e6580000)
  to   space 10240K, 0% used [0x00000000e5100000,0x00000000e5100000,0x00000000e5b00000)
 ParOldGen       total 36352K, used 13048K [0x00000000a0000000, 0x00000000a2380000, 0x00000000e0000000)
  object space 36352K, 35% used [0x00000000a0000000,0x00000000a0cbe170,0x00000000a2380000)
 Metaspace       used 34804K, capacity 35384K, committed 35456K, reserved 1079296K
  class space    used 4748K, capacity 4946K, committed 4992K, reserved 1048576K
Event: 25.973 GC heap after
Heap after GC invocations=12 (full 2):
 PSYoungGen      total 93696K, used 0K [0x00000000e0000000, 0x00000000e6b80000, 0x0000000100000000)
  eden space 82944K, 0% used [0x00000000e0000000,0x00000000e0000000,0x00000000e5100000)
  from space 10752K, 0% used [0x00000000e5b00000,0x00000000e5b00000,0x00000000e6580000)
  to   space 10240K, 0% used [0x00000000e5100000,0x00000000e5100000,0x00000000e5b00000)
 ParOldGen       total 51712K, used 16144K [0x00000000a0000000, 0x00000000a3280000, 0x00000000e0000000)
  object space 51712K, 31% used [0x00000000a0000000,0x00000000a0fc4150,0x00000000a3280000)
 Metaspace       used 34766K, capacity 35336K, committed 35456K, reserved 1079296K
  class space    used 4735K, capacity 4930K, committed 4992K, reserved 1048576K
}
Event: 51.422 GC heap before
{Heap before GC invocations=13 (full 2):
 PSYoungGen      total 93696K, used 82944K [0x00000000e0000000, 0x00000000e6b80000, 0x0000000100000000)
  eden space 82944K, 100% used [0x00000000e0000000,0x00000000e5100000,0x00000000e5100000)
  from space 10752K, 0% used [0x00000000e5b00000,0x00000000e5b00000,0x00000000e6580000)
  to   space 10240K, 0% used [0x00000000e5100000,0x00000000e5100000,0x00000000e5b00000)
 ParOldGen       total 51712K, used 16144K [0x00000000a0000000, 0x00000000a3280000, 0x00000000e0000000)
  object space 51712K, 31% used [0x00000000a0000000,0x00000000a0fc4150,0x00000000a3280000)
 Metaspace       used 40165K, capacity 40836K, committed 41216K, reserved 1085440K
  class space    used 5274K, capacity 5519K, committed 5632K, reserved 1048576K
Event: 51.482 GC heap after
Heap after GC invocations=13 (full 2):
 PSYoungGen      total 93184K, used 5352K [0x00000000e0000000, 0x00000000e8300000, 0x0000000100000000)
  eden space 82944K, 0% used [0x00000000e0000000,0x00000000e0000000,0x00000000e5100000)
  from space 10240K, 52% used [0x00000000e5100000,0x00000000e563a120,0x00000000e5b00000)
  to   space 10240K, 0% used [0x00000000e7900000,0x00000000e7900000,0x00000000e8300000)
 ParOldGen       total 51712K, used 16232K [0x00000000a0000000, 0x00000000a3280000, 0x00000000e0000000)
  object space 51712K, 31% used [0x00000000a0000000,0x00000000a0fda160,0x00000000a3280000)
 Metaspace       used 40165K, capacity 40836K, committed 41216K, reserved 1085440K
  class space    used 5274K, capacity 5519K, committed 5632K, reserved 1048576K
}

