# JRE version: OpenJDK Runtime Environment (8.0_152-b01) (build 1.8.0_152-release-1248-b01)
# Java VM: OpenJDK 64-Bit Server VM (25.152-b01 mixed mode windows-amd64 compressed oops)
Heap:
 PSYoungGen      total 94208K, used 1475K [0x00000000e0000000, 0x00000000e6580000, 0x0000000100000000)
  eden space 84480K, 1% used [0x00000000e0000000,0x00000000e0170e50,0x00000000e5280000)
  from space 9728K, 0% used [0x00000000e5c00000,0x00000000e5c00000,0x00000000e6580000)
  to   space 9728K, 0% used [0x00000000e5280000,0x00000000e5280000,0x00000000e5c00000)
 ParOldGen       total 35328K, used 16605K [0x00000000a0000000, 0x00000000a2280000, 0x00000000e0000000)
  object space 35328K, 47% used [0x00000000a0000000,0x00000000a1037538,0x00000000a2280000)
 Metaspace       used 35066K, capacity 35640K, committed 35672K, reserved 1079296K
  class space    used 4864K, capacity 5100K, committed 5120K, reserved 1048576K
GC Heap History (10 events):
Event: 5.128 GC heap before
{Heap before GC invocations=8 (full 1):
 PSYoungGen      total 72192K, used 6438K [0x00000000e0000000, 0x00000000e4f00000, 0x0000000100000000)
  eden space 64512K, 0% used [0x00000000e0000000,0x00000000e0000000,0x00000000e3f00000)
  from space 7680K, 83% used [0x00000000e3f00000,0x00000000e4549b80,0x00000000e4680000)
  to   space 6656K, 0% used [0x00000000e4680000,0x00000000e4680000,0x00000000e4d00000)
 ParOldGen       total 44032K, used 7555K [0x00000000a0000000, 0x00000000a2b00000, 0x00000000e0000000)
  object space 44032K, 17% used [0x00000000a0000000,0x00000000a0760e48,0x00000000a2b00000)
 Metaspace       used 20860K, capacity 21176K, committed 21248K, reserved 1067008K
  class space    used 2914K, capacity 3060K, committed 3072K, reserved 1048576K
Event: 5.199 GC heap after
Heap after GC invocations=8 (full 1):
 PSYoungGen      total 72192K, used 0K [0x00000000e0000000, 0x00000000e4f00000, 0x0000000100000000)
  eden space 64512K, 0% used [0x00000000e0000000,0x00000000e0000000,0x00000000e3f00000)
  from space 7680K, 0% used [0x00000000e3f00000,0x00000000e3f00000,0x00000000e4680000)
  to   space 6656K, 0% used [0x00000000e4680000,0x00000000e4680000,0x00000000e4d00000)
 ParOldGen       total 35328K, used 8871K [0x00000000a0000000, 0x00000000a2280000, 0x00000000e0000000)
  object space 35328K, 25% used [0x00000000a0000000,0x00000000a08a9c78,0x00000000a2280000)
 Metaspace       used 20860K, capacity 21176K, committed 21248K, reserved 1067008K
  class space    used 2914K, capacity 3060K, committed 3072K, reserved 1048576K
}
Event: 6.902 GC heap before
{Heap before GC invocations=9 (full 1):
 PSYoungGen      total 72192K, used 64512K [0x00000000e0000000, 0x00000000e4f00000, 0x0000000100000000)
  eden space 64512K, 100% used [0x00000000e0000000,0x00000000e3f00000,0x00000000e3f00000)
  from space 7680K, 0% used [0x00000000e3f00000,0x00000000e3f00000,0x00000000e4680000)
  to   space 6656K, 0% used [0x00000000e4680000,0x00000000e4680000,0x00000000e4d00000)
 ParOldGen       total 35328K, used 8871K [0x00000000a0000000, 0x00000000a2280000, 0x00000000e0000000)
  object space 35328K, 25% used [0x00000000a0000000,0x00000000a08a9c78,0x00000000a2280000)
 Metaspace       used 26742K, capacity 27110K, committed 27392K, reserved 1073152K
  class space    used 3643K, capacity 3815K, committed 3840K, reserved 1048576K
Event: 6.918 GC heap after
Heap after GC invocations=9 (full 1):
 PSYoungGen      total 70144K, used 6624K [0x00000000e0000000, 0x00000000e7400000, 0x0000000100000000)
  eden space 63488K, 0% used [0x00000000e0000000,0x00000000e0000000,0x00000000e3e00000)
  from space 6656K, 99% used [0x00000000e4680000,0x00000000e4cf83b0,0x00000000e4d00000)
  to   space 8704K, 0% used [0x00000000e3e00000,0x00000000e3e00000,0x00000000e4680000)
 ParOldGen       total 35328K, used 9104K [0x00000000a0000000, 0x00000000a2280000, 0x00000000e0000000)
  object space 35328K, 25% used [0x00000000a0000000,0x00000000a08e4208,0x00000000a2280000)
 Metaspace       used 26742K, capacity 27110K, committed 27392K, reserved 1073152K
  class space    used 3643K, capacity 3815K, committed 3840K, reserved 1048576K
}
Event: 8.223 GC heap before
{Heap before GC invocations=10 (full 1):
 PSYoungGen      total 70144K, used 70112K [0x00000000e0000000, 0x00000000e7400000, 0x0000000100000000)
  eden space 63488K, 100% used [0x00000000e0000000,0x00000000e3e00000,0x00000000e3e00000)
  from space 6656K, 99% used [0x00000000e4680000,0x00000000e4cf83b0,0x00000000e4d00000)
  to   space 8704K, 0% used [0x00000000e3e00000,0x00000000e3e00000,0x00000000e4680000)
 ParOldGen       total 35328K, used 9104K [0x00000000a0000000, 0x00000000a2280000, 0x00000000e0000000)
  object space 35328K, 25% used [0x00000000a0000000,0x00000000a08e4208,0x00000000a2280000)
 Metaspace       used 30031K, capacity 30450K, committed 30720K, reserved 1075200K
  class space    used 4177K, capacity 4330K, committed 4352K, reserved 1048576K
Event: 8.236 GC heap after
Heap after GC invocations=10 (full 1):
 PSYoungGen      total 72192K, used 7853K [0x00000000e0000000, 0x00000000e6580000, 0x0000000100000000)
  eden space 63488K, 0% used [0x00000000e0000000,0x00000000e0000000,0x00000000e3e00000)
  from space 8704K, 90% used [0x00000000e3e00000,0x00000000e45ab7a8,0x00000000e4680000)
  to   space 9728K, 0% used [0x00000000e5c00000,0x00000000e5c00000,0x00000000e6580000)
 ParOldGen       total 35328K, used 9112K [0x00000000a0000000, 0x00000000a2280000, 0x00000000e0000000)
  object space 35328K, 25% used [0x00000000a0000000,0x00000000a08e6208,0x00000000a2280000)
 Metaspace       used 30031K, capacity 30450K, committed 30720K, reserved 1075200K
  class space    used 4177K, capacity 4330K, committed 4352K, reserved 1048576K
}
Event: 10.589 GC heap before
{Heap before GC invocations=11 (full 1):
 PSYoungGen      total 72192K, used 55576K [0x00000000e0000000, 0x00000000e6580000, 0x0000000100000000)
  eden space 63488K, 75% used [0x00000000e0000000,0x00000000e2e9a9a8,0x00000000e3e00000)
  from space 8704K, 90% used [0x00000000e3e00000,0x00000000e45ab7a8,0x00000000e4680000)
  to   space 9728K, 0% used [0x00000000e5c00000,0x00000000e5c00000,0x00000000e6580000)
 ParOldGen       total 35328K, used 9112K [0x00000000a0000000, 0x00000000a2280000, 0x00000000e0000000)
  object space 35328K, 25% used [0x00000000a0000000,0x00000000a08e6208,0x00000000a2280000)
 Metaspace       used 34801K, capacity 35352K, committed 35416K, reserved 1079296K
  class space    used 4843K, capacity 5068K, committed 5120K, reserved 1048576K
Event: 10.632 GC heap after
Heap after GC invocations=11 (full 1):
 PSYoungGen      total 94208K, used 7128K [0x00000000e0000000, 0x00000000e6580000, 0x0000000100000000)
  eden space 84480K, 0% used [0x00000000e0000000,0x00000000e0000000,0x00000000e5280000)
  from space 9728K, 73% used [0x00000000e5c00000,0x00000000e62f6398,0x00000000e6580000)
  to   space 9728K, 0% used [0x00000000e5280000,0x00000000e5280000,0x00000000e5c00000)
 ParOldGen       total 35328K, used 12045K [0x00000000a0000000, 0x00000000a2280000, 0x00000000e0000000)
  object space 35328K, 34% used [0x00000000a0000000,0x00000000a0bc3568,0x00000000a2280000)
 Metaspace       used 34801K, capacity 35352K, committed 35416K, reserved 1079296K
  class space    used 4843K, capacity 5068K, committed 5120K, reserved 1048576K
}
Event: 10.632 GC heap before
{Heap before GC invocations=12 (full 2):
 PSYoungGen      total 94208K, used 7128K [0x00000000e0000000, 0x00000000e6580000, 0x0000000100000000)
  eden space 84480K, 0% used [0x00000000e0000000,0x00000000e0000000,0x00000000e5280000)
  from space 9728K, 73% used [0x00000000e5c00000,0x00000000e62f6398,0x00000000e6580000)
  to   space 9728K, 0% used [0x00000000e5280000,0x00000000e5280000,0x00000000e5c00000)
 ParOldGen       total 35328K, used 12045K [0x00000000a0000000, 0x00000000a2280000, 0x00000000e0000000)
  object space 35328K, 34% used [0x00000000a0000000,0x00000000a0bc3568,0x00000000a2280000)
 Metaspace       used 34801K, capacity 35352K, committed 35416K, reserved 1079296K
  class space    used 4843K, capacity 5068K, committed 5120K, reserved 1048576K
Event: 10.795 GC heap after
Heap after GC invocations=12 (full 2):
 PSYoungGen      total 94208K, used 0K [0x00000000e0000000, 0x00000000e6580000, 0x0000000100000000)
  eden space 84480K, 0% used [0x00000000e0000000,0x00000000e0000000,0x00000000e5280000)
  from space 9728K, 0% used [0x00000000e5c00000,0x00000000e5c00000,0x00000000e6580000)
  to   space 9728K, 0% used [0x00000000e5280000,0x00000000e5280000,0x00000000e5c00000)
 ParOldGen       total 35328K, used 16605K [0x00000000a0000000, 0x00000000a2280000, 0x00000000e0000000)
  object space 35328K, 47% used [0x00000000a0000000,0x00000000a1037538,0x00000000a2280000)
 Metaspace       used 34801K, capacity 35352K, committed 35416K, reserved 1079296K
  class space    used 4843K, capacity 5068K, committed 5120K, reserved 1048576K
}

